d:\useful\c++_projects\biplanes\biplanes\debug\vc120.pdb
d:\useful\c++_projects\biplanes\biplanes\debug\vc120.idb
d:\useful\c++_projects\biplanes\biplanes\debug\battlevsai.obj
d:\useful\c++_projects\biplanes\biplanes\debug\battlevsplayer.obj
d:\useful\c++_projects\biplanes\biplanes\debug\biplane.obj
d:\useful\c++_projects\biplanes\biplanes\debug\button.obj
d:\useful\c++_projects\biplanes\biplanes\debug\buttonpanel.obj
d:\useful\c++_projects\biplanes\biplanes\debug\collisionmanager.obj
d:\useful\c++_projects\biplanes\biplanes\debug\game.obj
d:\useful\c++_projects\biplanes\biplanes\debug\gameexception.obj
d:\useful\c++_projects\biplanes\biplanes\debug\log.obj
d:\useful\c++_projects\biplanes\biplanes\debug\main.obj
d:\useful\c++_projects\biplanes\biplanes\debug\menu.obj
d:\useful\c++_projects\biplanes\biplanes\debug\menubackground.obj
d:\useful\c++_projects\biplanes\biplanes\debug\movemanager.obj
d:\useful\c++_projects\biplanes\biplanes\debug\options.obj
d:\useful\c++_projects\biplanes\biplanes\debug\pausemenu.obj
d:\useful\c++_projects\biplanes\biplanes\debug\playmodeselect.obj
d:\useful\c++_projects\biplanes\biplanes\debug\settings.obj
d:\useful\c++_projects\biplanes\biplanes\debug\svector2.obj
d:\useful\c++_projects\biplanes\biplanes\debug\texturemanager.obj
d:\useful\c++_projects\biplanes\biplanes\debug\winscreen.obj
d:\useful\c++_projects\biplanes\biplanes\debug\about.obj
d:\useful\c++_projects\biplanes\biplanes\debug\backgroundrectangle.obj
d:\useful\c++_projects\biplanes\biplanes\debug\battle.obj
d:\useful\c++_projects\biplanes\debug\biplanes.ilk
d:\useful\c++_projects\biplanes\debug\biplanes.exe
d:\useful\c++_projects\biplanes\debug\biplanes.pdb
d:\useful\c++_projects\biplanes\biplanes\debug\biplanes.res
d:\useful\c++_projects\biplanes\biplanes\debug\biplanes.tlog\cl.command.1.tlog
d:\useful\c++_projects\biplanes\biplanes\debug\biplanes.tlog\cl.read.1.tlog
d:\useful\c++_projects\biplanes\biplanes\debug\biplanes.tlog\cl.write.1.tlog
d:\useful\c++_projects\biplanes\biplanes\debug\biplanes.tlog\link.command.1.tlog
d:\useful\c++_projects\biplanes\biplanes\debug\biplanes.tlog\link.read.1.tlog
d:\useful\c++_projects\biplanes\biplanes\debug\biplanes.tlog\link.write.1.tlog
d:\useful\c++_projects\biplanes\biplanes\debug\biplanes.tlog\rc.command.1.tlog
d:\useful\c++_projects\biplanes\biplanes\debug\biplanes.tlog\rc.read.1.tlog
d:\useful\c++_projects\biplanes\biplanes\debug\biplanes.tlog\rc.write.1.tlog
