Settings load successfully
Game constructed successfully with1366x768 as fullscreen
Runnig main menu
Running about
Runnig main menu
Running about
Runnig main menu
Running about
Runnig main menu
Running play mode select scene
Runnig main menu
Running about
Runnig main menu
Running play mode select scene
Running battle vs AI
Running battle vs AI
Runnig main menu
Running options
Settings saved to file successfully
Runnig main menu
Running play mode select scene
Running battle vs AI
Runnig main menu
Running play mode select scene
Running battle vs AI
Running battle vs AI
Runnig main menu
Window closed
